2025-11-05 14:26:36.367 [info] Reading sessions from keychain...
2025-11-05 14:26:36.367 [info] Getting sessions for all scopes...
2025-11-05 14:26:36.407 [info] Got 0 sessions for ...
2025-11-05 14:26:36.407 [info] Getting sessions for all scopes...
2025-11-05 14:26:36.407 [info] Got 0 sessions for ...
2025-11-05 14:26:36.408 [info] Getting sessions for all scopes...
2025-11-05 14:26:36.408 [info] Got 0 sessions for ...
2025-11-05 14:26:36.415 [info] Getting sessions for all scopes...
2025-11-05 14:26:36.415 [info] Got 0 sessions for ...
2025-11-05 14:26:36.416 [info] Getting sessions for all scopes...
2025-11-05 14:26:36.416 [info] Got 0 sessions for ...
2025-11-05 14:26:36.416 [info] Getting sessions for all scopes...
2025-11-05 14:26:36.416 [info] Got 0 sessions for ...
2025-11-05 14:26:36.416 [info] Getting sessions for all scopes...
2025-11-05 14:26:36.416 [info] Got 0 sessions for ...
2025-11-05 14:26:36.416 [info] Getting sessions for all scopes...
2025-11-05 14:26:36.416 [info] Got 0 sessions for ...
2025-11-05 14:26:36.416 [info] Getting sessions for all scopes...
2025-11-05 14:26:36.416 [info] Got 0 sessions for ...
2025-11-05 14:26:36.461 [info] Getting sessions for all scopes...
2025-11-05 14:26:36.461 [info] Got 0 sessions for ...
2025-11-05 14:26:36.471 [info] Getting sessions for all scopes...
2025-11-05 14:26:36.471 [info] Got 0 sessions for ...
2025-11-05 14:26:36.472 [info] Getting sessions for all scopes...
2025-11-05 14:26:36.472 [info] Got 0 sessions for ...
2025-11-05 14:26:36.473 [info] Getting sessions for all scopes...
2025-11-05 14:26:36.473 [info] Got 0 sessions for ...
2025-11-05 14:26:36.473 [info] Getting sessions for all scopes...
2025-11-05 14:26:36.473 [info] Got 0 sessions for ...
2025-11-05 14:26:36.474 [info] Getting sessions for all scopes...
2025-11-05 14:26:36.474 [info] Got 0 sessions for ...
2025-11-05 14:26:37.825 [info] Getting sessions for all scopes...
2025-11-05 14:26:37.825 [info] Got 0 sessions for ...
2025-11-05 14:26:38.243 [info] Getting sessions for all scopes...
2025-11-05 14:26:38.243 [info] Got 0 sessions for ...
2025-11-05 14:26:38.244 [info] Getting sessions for all scopes...
2025-11-05 14:26:38.244 [info] Got 0 sessions for ...
2025-11-05 14:26:38.259 [info] Getting sessions for all scopes...
2025-11-05 14:26:38.259 [info] Got 0 sessions for ...
2025-11-05 14:27:08.809 [info] Getting sessions for all scopes...
2025-11-05 14:27:08.809 [info] Got 0 sessions for ...
2025-11-05 14:27:08.809 [info] Getting sessions for all scopes...
2025-11-05 14:27:08.809 [info] Got 0 sessions for ...
2025-11-05 14:27:10.157 [info] Getting sessions for user:email...
2025-11-05 14:27:10.158 [info] Got 0 sessions for user:email...
2025-11-05 14:27:10.161 [info] Getting sessions for read:user,repo,user:email,workflow...
2025-11-05 14:27:10.161 [info] Got 0 sessions for read:user,repo,user:email,workflow...
2025-11-05 14:27:10.163 [info] Getting sessions for all scopes...
2025-11-05 14:27:10.163 [info] Got 0 sessions for ...
2025-11-05 14:27:10.182 [info] Getting sessions for all scopes...
2025-11-05 14:27:10.182 [info] Got 0 sessions for ...
2025-11-05 14:27:10.182 [info] Getting sessions for read:user,repo,user:email,workflow...
2025-11-05 14:27:10.182 [info] Got 0 sessions for read:user,repo,user:email,workflow...
2025-11-05 14:27:10.192 [info] Getting sessions for all scopes...
2025-11-05 14:27:10.192 [info] Got 0 sessions for ...
2025-11-05 14:27:10.201 [info] Getting sessions for read:user...
2025-11-05 14:27:10.201 [info] Got 0 sessions for read:user...
2025-11-05 14:27:10.220 [info] Getting sessions for user:email...
2025-11-05 14:27:10.220 [info] Got 0 sessions for user:email...
2025-11-05 14:27:10.261 [info] Getting sessions for all scopes...
2025-11-05 14:27:10.261 [info] Got 0 sessions for ...
2025-11-05 14:27:10.377 [info] Getting sessions for user:email...
2025-11-05 14:27:10.377 [info] Got 0 sessions for user:email...
2025-11-05 14:27:10.618 [info] Getting sessions for all scopes...
2025-11-05 14:27:10.618 [info] Got 0 sessions for ...
2025-11-05 14:27:10.683 [info] Getting sessions for user:email...
2025-11-05 14:27:10.683 [info] Got 0 sessions for user:email...
2025-11-05 14:27:11.072 [info] Getting sessions for all scopes...
2025-11-05 14:27:11.072 [info] Got 0 sessions for ...
2025-11-05 14:27:11.085 [info] Getting sessions for all scopes...
2025-11-05 14:27:11.085 [info] Got 0 sessions for ...
2025-11-05 14:27:11.109 [info] Getting sessions for all scopes...
2025-11-05 14:27:11.109 [info] Got 0 sessions for ...
2025-11-05 14:27:11.181 [info] Getting sessions for read:user,repo,user:email,workflow...
2025-11-05 14:27:11.181 [info] Got 0 sessions for read:user,repo,user:email,workflow...
2025-11-05 14:27:11.222 [info] Getting sessions for all scopes...
2025-11-05 14:27:11.222 [info] Got 0 sessions for ...
2025-11-05 14:27:11.244 [info] Getting sessions for user:email...
2025-11-05 14:27:11.244 [info] Got 0 sessions for user:email...
2025-11-05 14:28:50.535 [info] Getting sessions for read:user,repo,user:email,workflow...
2025-11-05 14:28:50.536 [info] Got 0 sessions for read:user,repo,user:email,workflow...
2025-11-05 14:28:50.553 [info] Getting sessions for read:user...
2025-11-05 14:28:50.553 [info] Got 0 sessions for read:user...
2025-11-05 14:28:50.561 [info] Getting sessions for user:email...
2025-11-05 14:28:50.561 [info] Got 0 sessions for user:email...
2025-11-05 14:32:09.233 [info] Getting sessions for read:user,repo,user:email,workflow...
2025-11-05 14:32:09.233 [info] Got 0 sessions for read:user,repo,user:email,workflow...
2025-11-05 14:32:09.248 [info] Getting sessions for read:user...
2025-11-05 14:32:09.248 [info] Got 0 sessions for read:user...
2025-11-05 14:32:09.253 [info] Getting sessions for user:email...
2025-11-05 14:32:09.253 [info] Got 0 sessions for user:email...
2025-11-05 14:44:32.200 [info] Getting sessions for read:user,repo,user:email,workflow...
2025-11-05 14:44:32.200 [info] Got 0 sessions for read:user,repo,user:email,workflow...
2025-11-05 14:44:32.218 [info] Getting sessions for read:user...
2025-11-05 14:44:32.219 [info] Got 0 sessions for read:user...
2025-11-05 14:44:32.232 [info] Getting sessions for user:email...
2025-11-05 14:44:32.232 [info] Got 0 sessions for user:email...
2025-11-05 14:44:33.251 [info] Getting sessions for read:user,repo,user:email,workflow...
2025-11-05 14:44:33.251 [info] Got 0 sessions for read:user,repo,user:email,workflow...
2025-11-05 14:44:33.265 [info] Getting sessions for read:user...
2025-11-05 14:44:33.265 [info] Got 0 sessions for read:user...
2025-11-05 14:44:33.279 [info] Getting sessions for user:email...
2025-11-05 14:44:33.279 [info] Got 0 sessions for user:email...
